🚀 LevelUp Daily Optimization - 2026-04-09 20:00
==============================================
📥 Pulling latest changes...
📋 Phase 1: 基础架构搭建
[master 3ace6aa] daily: 2026-04-09 optimization log
 2 files changed, 18 insertions(+)
 create mode 100644 logs/DAILY_LOG_2026-04-09.md
 create mode 100644 logs/cron.log
fatal: unable to access 'https://github.com/GOR6710/levelup.git/': GnuTLS recv error (-110): The TLS connection was non-properly terminated.
✅ Daily optimization log created: logs/DAILY_LOG_2026-04-09.md
📊 Progress tracking updated
🚀 LevelUp Daily Optimization - 2026-04-10 20:00
==============================================
📥 Pulling latest changes...
Already up to date.
📋 Phase 2: Web端完善
[master 7799aa9] daily: 2026-04-10 optimization log
 2 files changed, 19 insertions(+)
 create mode 100644 logs/DAILY_LOG_2026-04-10.md
To https://github.com/GOR6710/levelup.git
   15ace47..7799aa9  master -> master
✅ Daily optimization log created: logs/DAILY_LOG_2026-04-10.md
📊 Progress tracking updated
🚀 LevelUp Daily Optimization - 2026-04-11 20:00
==============================================
📥 Pulling latest changes...
📋 Phase 2: Web端完善
[master e0ba6a7] daily: 2026-04-11 optimization log
 2 files changed, 25 insertions(+)
 create mode 100644 logs/DAILY_LOG_2026-04-11.md
fatal: unable to access 'https://github.com/GOR6710/levelup.git/': GnuTLS recv error (-110): The TLS connection was non-properly terminated.
✅ Daily optimization log created: logs/DAILY_LOG_2026-04-11.md
📊 Progress tracking updated
🚀 LevelUp Daily Optimization - 2026-04-12 20:00
==============================================
📥 Pulling latest changes...
Already up to date.
📋 Phase 3: React Native
[master 71304e7] daily: 2026-04-12 optimization log
 2 files changed, 25 insertions(+)
 create mode 100644 logs/DAILY_LOG_2026-04-12.md
To https://github.com/GOR6710/levelup.git
   e0ba6a7..71304e7  master -> master
✅ Daily optimization log created: logs/DAILY_LOG_2026-04-12.md
📊 Progress tracking updated
🚀 LevelUp Daily Optimization - 2026-04-13 20:00
==============================================
📥 Pulling latest changes...
Already up to date.
📋 Phase 3: React Native
[master 49d0040] daily: 2026-04-13 optimization log
 2 files changed, 26 insertions(+)
 create mode 100644 logs/DAILY_LOG_2026-04-13.md
To https://github.com/GOR6710/levelup.git
   71304e7..49d0040  master -> master
✅ Daily optimization log created: logs/DAILY_LOG_2026-04-13.md
📊 Progress tracking updated
🚀 LevelUp Daily Optimization - 2026-04-14 20:00
==============================================
📥 Pulling latest changes...
Already up to date.
📋 Phase 4: 鸿蒙适配
[master 3c2ea55] daily: 2026-04-14 optimization log
 2 files changed, 25 insertions(+)
 create mode 100644 logs/DAILY_LOG_2026-04-14.md
To https://github.com/GOR6710/levelup.git
   49d0040..3c2ea55  master -> master
✅ Daily optimization log created: logs/DAILY_LOG_2026-04-14.md
📊 Progress tracking updated
🚀 LevelUp Daily Optimization - 2026-04-15 20:00
==============================================
📥 Pulling latest changes...
Already up to date.
📋 Phase 5: 最终测试
[master fa41182] daily: 2026-04-15 optimization log
 2 files changed, 26 insertions(+)
 create mode 100644 logs/DAILY_LOG_2026-04-15.md
To https://github.com/GOR6710/levelup.git
   3c2ea55..fa41182  master -> master
✅ Daily optimization log created: logs/DAILY_LOG_2026-04-15.md
📊 Progress tracking updated
🚀 LevelUp Daily Optimization - 2026-04-16 20:00
==============================================
📥 Pulling latest changes...
Already up to date.
📋 维护模式
[master e5b870d] daily: 2026-04-16 optimization log
 2 files changed, 25 insertions(+)
 create mode 100644 logs/DAILY_LOG_2026-04-16.md
To https://github.com/GOR6710/levelup.git
   fa41182..e5b870d  master -> master
✅ Daily optimization log created: logs/DAILY_LOG_2026-04-16.md
📊 Progress tracking updated
🚀 LevelUp Daily Optimization - 2026-04-17 20:00
==============================================
📥 Pulling latest changes...
Already up to date.
📋 维护模式
[master e1720a4] daily: 2026-04-17 optimization log
 2 files changed, 25 insertions(+)
 create mode 100644 logs/DAILY_LOG_2026-04-17.md
To https://github.com/GOR6710/levelup.git
   e5b870d..e1720a4  master -> master
✅ Daily optimization log created: logs/DAILY_LOG_2026-04-17.md
📊 Progress tracking updated
🚀 LevelUp Daily Optimization - 2026-04-18 20:00
==============================================
📥 Pulling latest changes...
Already up to date.
📋 维护模式
[master 87c63cd] daily: 2026-04-18 optimization log
 2 files changed, 25 insertions(+)
 create mode 100644 logs/DAILY_LOG_2026-04-18.md
To https://github.com/GOR6710/levelup.git
   e1720a4..87c63cd  master -> master
✅ Daily optimization log created: logs/DAILY_LOG_2026-04-18.md
📊 Progress tracking updated
🚀 LevelUp Daily Optimization - 2026-04-19 20:00
==============================================
📥 Pulling latest changes...
Already up to date.
📋 维护模式
[master 283cfc4] daily: 2026-04-19 optimization log
 2 files changed, 25 insertions(+)
 create mode 100644 logs/DAILY_LOG_2026-04-19.md
To https://github.com/GOR6710/levelup.git
   87c63cd..283cfc4  master -> master
✅ Daily optimization log created: logs/DAILY_LOG_2026-04-19.md
📊 Progress tracking updated
🚀 LevelUp Daily Optimization - 2026-04-20 20:00
==============================================
📥 Pulling latest changes...
Already up to date.
📋 维护模式
